Lean Error: lean_playground/TempTest.lean:18:38: error: unsolved goals
a b : ℤ
⊢ a * b = a * b
lean_playground/TempTest.lean:21:10: error: 'multiply_spec_satisfied' has already been declared