Lean Error: lean_playground/TempTest.lean:8:32: error: function expected at
  c
term has type
  â„¤
lean_playground/TempTest.lean:10:44: error: unexpected token ','; expected command
lean_playground/TempTest.lean:21:8: warning: declaration uses 'sorry'