Lean Error: lean_playground/TempTest.lean:8:41: error: function expected at
  c
term has type
  â„¤
lean_playground/TempTest.lean:10:67: error: unexpected token 'using'; expected command
lean_playground/TempTest.lean:21:8: warning: declaration uses 'sorry'