Lean Error: lean_playground/TempTest.lean:7:2: error: function expected at
  List.all ?m.125 ?m.1380
term has type
  Bool
lean_playground/TempTest.lean:7:37: error: application type mismatch
  List.all ?m.125 a.toList
argument
  a.toList
has type
  List ℤ : Type
but is expected to have type
  ?m.11 → Bool : Type ?u.10
lean_playground/TempTest.lean:9:55: error: unexpected token 'to'; expected command
lean_playground/TempTest.lean:20:40: error: unsolved goals
n : ℤ
a : Array ℤ
⊢ (∀ i < a.size, a[i]! < n) ↔ sorry n a = true
lean_playground/TempTest.lean:24:0: error: unexpected identifier; expected command