Lean Error: lean_playground/TempTest.lean:18:40: error: unsolved goals
n : ℤ
a : Array ℤ
l : List ℤ := a.toList
⊢ (∀ i < a.size, n > a[i]!) ↔ (a.all fun x => decide (n > x)) = true
lean_playground/TempTest.lean:23:0: error: unexpected token 'have'; expected command