Lean Error: lean_playground/TempTest.lean:19:32: error: unsolved goals
case isTrue
a b : ℤ
h✝ : a ≤ b
⊢ (a ≤ a ∧ a ≤ b) ∧ (a = a ∨ a = b)

case isFalse
a b : ℤ
h✝ : ¬a ≤ b
⊢ (b ≤ a ∧ b ≤ b) ∧ (b = a ∨ b = b)
lean_playground/TempTest.lean:23:0: error: unexpected identifier; expected command