Lean Error: lean_playground/TempTest.lean:19:36: error: unsolved goals
n : ℕ
⊢ (0 ≤ n % 10 ∧ n % 10 < 10) ∧ n % 10 = n % 10
lean_playground/TempTest.lean:22:10: error: 'lastDigit_spec_satisfied' has already been declared