RAG components successfully imported.
Starting test of 11 tasks: task_id_0, task_id_58, task_id_77, task_id_127, task_id_227, task_id_404, task_id_431, task_id_433, task_id_435, task_id_441, task_id_447

==================================================
Processing task task_id_0...
Reading problem description and code template from tasks/task_id_0...
Problem description length: 310 characters
Reading unit tests...
Unit tests length: 69 characters
Running main workflow to generate solution...
Starting workflow run with timestamp: 20250505_235418
Processing task: task_id_0 (Task index: 0)
RAG is disabled for task 0
Response saved to results/20250505_235418/task_id_0/01_rag_status.txt
Response saved to results/20250505_235418/task_id_0/02_planning.txt
Response saved to results/20250505_235418/task_id_0/03_raw_code.txt
Response saved to results/20250505_235418/task_id_0/04_cleaned_code.txt
Response saved to results/20250505_235418/task_id_0/05_code_test.txt
Response saved to results/20250505_235418/task_id_0/06_raw_proof.txt
Response saved to results/20250505_235418/task_id_0/07_cleaned_proof.txt
Response saved to results/20250505_235418/task_id_0/08_full_test.txt
Response saved to results/20250505_235418/task_id_0/09_final_solution.txt
Solution generated in 101.35 seconds
Generated code length: 1 characters
Generated proof length: 3 characters
Loading Lean template and inserting generated solution...
Executing Lean code with implementation only (proof=sorry)...
Implementation test result: PASS
Executing Lean code with implementation and proof...
Full solution test result: PASS
✅ Implementation passes unit tests
✅ Proof is correct

==================================================
Processing task task_id_58...
Reading problem description and code template from tasks/task_id_58...
Problem description length: 700 characters
Reading unit tests...
Unit tests length: 462 characters
Running main workflow to generate solution...
Starting workflow run with timestamp: 20250505_235418
Processing task: task_id_58 (Task index: 1)
RAG is disabled for task 58
Response saved to results/20250505_235418/task_id_58/01_rag_status.txt
Response saved to results/20250505_235418/task_id_58/02_planning.txt
Response saved to results/20250505_235418/task_id_58/03_raw_code.txt
Response saved to results/20250505_235418/task_id_58/04_cleaned_code.txt
Response saved to results/20250505_235418/task_id_58/05_code_test.txt
Response saved to results/20250505_235418/task_id_58/06_raw_proof.txt
Response saved to results/20250505_235418/task_id_58/07_cleaned_proof.txt
Response saved to results/20250505_235418/task_id_58/08_full_test.txt
Response saved to results/20250505_235418/task_id_58/09_final_solution.txt
Solution generated in 65.14 seconds
Generated code length: 36 characters
Generated proof length: 4 characters
Loading Lean template and inserting generated solution...
Executing Lean code with implementation only (proof=sorry)...
Implementation test result: PASS
Executing Lean code with implementation and proof...
Full solution test result: PASS
✅ Implementation passes unit tests
✅ Proof is correct

==================================================
Processing task task_id_77...
Reading problem description and code template from tasks/task_id_77...
Problem description length: 456 characters
Reading unit tests...
Unit tests length: 449 characters
Running main workflow to generate solution...
Starting workflow run with timestamp: 20250505_235418
Processing task: task_id_77 (Task index: 2)
RAG is disabled for task 77
Response saved to results/20250505_235418/task_id_77/01_rag_status.txt
Response saved to results/20250505_235418/task_id_77/02_planning.txt
Response saved to results/20250505_235418/task_id_77/03_raw_code.txt
Response saved to results/20250505_235418/task_id_77/04_cleaned_code.txt
Response saved to results/20250505_235418/task_id_77/05_code_test.txt
Response saved to results/20250505_235418/task_id_77/06_raw_proof.txt
Response saved to results/20250505_235418/task_id_77/07_cleaned_proof.txt
Response saved to results/20250505_235418/task_id_77/08_full_test.txt
Response saved to results/20250505_235418/task_id_77/09_final_solution.txt
Solution generated in 60.23 seconds
Generated code length: 34 characters
Generated proof length: 4 characters
Loading Lean template and inserting generated solution...
Executing Lean code with implementation only (proof=sorry)...
Implementation test result: PASS
Executing Lean code with implementation and proof...
Full solution test result: PASS
✅ Implementation passes unit tests
✅ Proof is correct

==================================================
Processing task task_id_127...
Reading problem description and code template from tasks/task_id_127...
Problem description length: 342 characters
Reading unit tests...
Unit tests length: 219 characters
Running main workflow to generate solution...
Starting workflow run with timestamp: 20250505_235418
Processing task: task_id_127 (Task index: 3)
RAG is disabled for task 127
Response saved to results/20250505_235418/task_id_127/01_rag_status.txt
Response saved to results/20250505_235418/task_id_127/02_planning.txt
Response saved to results/20250505_235418/task_id_127/03_raw_code.txt
Response saved to results/20250505_235418/task_id_127/04_cleaned_code.txt
Response saved to results/20250505_235418/task_id_127/05_code_test.txt
Response saved to results/20250505_235418/task_id_127/06_raw_proof.txt
Response saved to results/20250505_235418/task_id_127/07_cleaned_proof.txt
Response saved to results/20250505_235418/task_id_127/08_full_test.txt
Response saved to results/20250505_235418/task_id_127/09_final_solution.txt
Solution generated in 108.26 seconds
Generated code length: 5 characters
Generated proof length: 3 characters
Loading Lean template and inserting generated solution...
Executing Lean code with implementation only (proof=sorry)...
Implementation test result: PASS
Executing Lean code with implementation and proof...
Full solution test result: PASS
✅ Implementation passes unit tests
✅ Proof is correct

==================================================
Processing task task_id_227...
Reading problem description and code template from tasks/task_id_227...
Problem description length: 608 characters
Reading unit tests...
Unit tests length: 339 characters
Running main workflow to generate solution...
Starting workflow run with timestamp: 20250505_235418
Processing task: task_id_227 (Task index: 4)
Using MiniLM embedding model
Retrieving relevant examples for function 'minOfThree'...
Response saved to results/20250505_235418/task_id_227/01_rag_examples.txt
Retrieving proof examples...
Response saved to results/20250505_235418/task_id_227/02_proof_rag_examples.txt
Response saved to results/20250505_235418/task_id_227/03_planning.txt
Response saved to results/20250505_235418/task_id_227/04_raw_code.txt
Response saved to results/20250505_235418/task_id_227/05_cleaned_code.txt
Response saved to results/20250505_235418/task_id_227/06_code_test.txt
Response saved to results/20250505_235418/task_id_227/07_raw_proof.txt
Response saved to results/20250505_235418/task_id_227/08_cleaned_proof.txt
Response saved to results/20250505_235418/task_id_227/09_full_test.txt
Response saved to results/20250505_235418/task_id_227/10_proof_error_analysis_1.txt
Response saved to results/20250505_235418/task_id_227/11_proof_fix_attempt_1.txt
Response saved to results/20250505_235418/task_id_227/12_cleaned_proof_fix_1.txt
Response saved to results/20250505_235418/task_id_227/13_full_test_attempt_1.txt
Response saved to results/20250505_235418/task_id_227/14_proof_error_analysis_2.txt
Response saved to results/20250505_235418/task_id_227/15_proof_fix_attempt_2.txt
Response saved to results/20250505_235418/task_id_227/16_cleaned_proof_fix_2.txt
Response saved to results/20250505_235418/task_id_227/17_full_test_attempt_2.txt
Response saved to results/20250505_235418/task_id_227/18_proof_error_analysis_3.txt
Response saved to results/20250505_235418/task_id_227/19_proof_fix_attempt_3.txt
Response saved to results/20250505_235418/task_id_227/20_cleaned_proof_fix_3.txt
Response saved to results/20250505_235418/task_id_227/21_full_test_attempt_3.txt
Response saved to results/20250505_235418/task_id_227/22_final_solution.txt
Solution generated in 589.89 seconds
Generated code length: 34 characters
Generated proof length: 444 characters
Loading Lean template and inserting generated solution...
Executing Lean code with implementation only (proof=sorry)...
Implementation test result: PASS
Executing Lean code with implementation and proof...
Full solution test result: FAIL
Proof error: lean_playground/TempTest.lean:19:46: error: unsolved goals
case pos
a b c : ℤ
h : a ≤ b ⊓ c
⊢ ((if a ≤ b ⊓ c then a else b ⊓ c) ≤ a ∧ (if a ≤ b ⊓ c th...
✅ Implementation passes unit tests
❌ Proof has errors

==================================================
Processing task task_id_404...
Reading problem description and code template from tasks/task_id_404...
Problem description length: 483 characters
Reading unit tests...
Unit tests length: 228 characters
Running main workflow to generate solution...
Starting workflow run with timestamp: 20250505_235418
Processing task: task_id_404 (Task index: 5)
Using MiniLM embedding model
Retrieving relevant examples for function 'myMin'...
Response saved to results/20250505_235418/task_id_404/01_rag_examples.txt
Retrieving proof examples...
Response saved to results/20250505_235418/task_id_404/02_proof_rag_examples.txt
Response saved to results/20250505_235418/task_id_404/03_planning.txt
Response saved to results/20250505_235418/task_id_404/04_raw_code.txt
Response saved to results/20250505_235418/task_id_404/05_cleaned_code.txt
Response saved to results/20250505_235418/task_id_404/06_code_test.txt
Response saved to results/20250505_235418/task_id_404/07_raw_proof.txt
Response saved to results/20250505_235418/task_id_404/08_cleaned_proof.txt
Response saved to results/20250505_235418/task_id_404/09_full_test.txt
Response saved to results/20250505_235418/task_id_404/10_proof_error_analysis_1.txt
Response saved to results/20250505_235418/task_id_404/11_proof_fix_attempt_1.txt
Response saved to results/20250505_235418/task_id_404/12_cleaned_proof_fix_1.txt
Response saved to results/20250505_235418/task_id_404/13_full_test_attempt_1.txt
Response saved to results/20250505_235418/task_id_404/14_proof_error_analysis_2.txt
Response saved to results/20250505_235418/task_id_404/15_proof_fix_attempt_2.txt
Response saved to results/20250505_235418/task_id_404/16_cleaned_proof_fix_2.txt
Response saved to results/20250505_235418/task_id_404/17_full_test_attempt_2.txt
Response saved to results/20250505_235418/task_id_404/18_proof_error_analysis_3.txt
Response saved to results/20250505_235418/task_id_404/19_proof_fix_attempt_3.txt
Response saved to results/20250505_235418/task_id_404/20_cleaned_proof_fix_3.txt
Response saved to results/20250505_235418/task_id_404/21_full_test_attempt_3.txt
Response saved to results/20250505_235418/task_id_404/22_final_solution.txt
Solution generated in 372.18 seconds
Generated code length: 22 characters
Generated proof length: 240 characters
Loading Lean template and inserting generated solution...
Executing Lean code with implementation only (proof=sorry)...
Implementation test result: PASS
Executing Lean code with implementation and proof...
Full solution test result: FAIL
Proof error: lean_playground/TempTest.lean:19:32: error: unsolved goals
case pos
a b : ℤ
h : a ≤ b
⊢ (a ≤ a ∧ a ≤ b) ∧ (a = a ∨ a = b)

case neg
a b : ℤ
h : ¬a ≤ b...
✅ Implementation passes unit tests
❌ Proof has errors

==================================================
Processing task task_id_431...
Reading problem description and code template from tasks/task_id_431...
Problem description length: 597 characters
Reading unit tests...
Unit tests length: 465 characters
Running main workflow to generate solution...
Starting workflow run with timestamp: 20250505_235418
Processing task: task_id_431 (Task index: 6)
Using MiniLM embedding model
Retrieving relevant examples for function 'hasCommonElement'...
Response saved to results/20250505_235418/task_id_431/01_rag_examples.txt
Retrieving proof examples...
Response saved to results/20250505_235418/task_id_431/02_proof_rag_examples.txt
Response saved to results/20250505_235418/task_id_431/03_planning.txt
Response saved to results/20250505_235418/task_id_431/04_raw_code.txt
Response saved to results/20250505_235418/task_id_431/05_cleaned_code.txt
Response saved to results/20250505_235418/task_id_431/06_code_test.txt
Response saved to results/20250505_235418/task_id_431/07_raw_proof.txt
Response saved to results/20250505_235418/task_id_431/08_cleaned_proof.txt
Response saved to results/20250505_235418/task_id_431/09_full_test.txt
Response saved to results/20250505_235418/task_id_431/10_proof_error_analysis_1.txt
Response saved to results/20250505_235418/task_id_431/11_proof_fix_attempt_1.txt
Response saved to results/20250505_235418/task_id_431/12_cleaned_proof_fix_1.txt
Response saved to results/20250505_235418/task_id_431/13_full_test_attempt_1.txt
Response saved to results/20250505_235418/task_id_431/14_proof_error_analysis_2.txt
Response saved to results/20250505_235418/task_id_431/15_proof_fix_attempt_2.txt
Response saved to results/20250505_235418/task_id_431/16_cleaned_proof_fix_2.txt
Response saved to results/20250505_235418/task_id_431/17_full_test_attempt_2.txt
Response saved to results/20250505_235418/task_id_431/18_proof_error_analysis_3.txt
Response saved to results/20250505_235418/task_id_431/19_proof_fix_attempt_3.txt
Response saved to results/20250505_235418/task_id_431/20_cleaned_proof_fix_3.txt
Response saved to results/20250505_235418/task_id_431/21_full_test_attempt_3.txt
Response saved to results/20250505_235418/task_id_431/22_final_solution.txt
Solution generated in 315.58 seconds
Generated code length: 35 characters
Generated proof length: 570 characters
Loading Lean template and inserting generated solution...
Executing Lean code with implementation only (proof=sorry)...
Implementation test result: PASS
Executing Lean code with implementation and proof...
Full solution test result: FAIL
Proof error: lean_playground/TempTest.lean:18:54: error: unsolved goals
case mp
a b : Array ℤ
⊢ (∃ i j, i < a.size ∧ j < b.size ∧ a[i]! = b[j]!) → (a.any fun x => ...
✅ Implementation passes unit tests
❌ Proof has errors

==================================================
Processing task task_id_433...
Reading problem description and code template from tasks/task_id_433...
Problem description length: 646 characters
Reading unit tests...
Unit tests length: 367 characters
Running main workflow to generate solution...
Starting workflow run with timestamp: 20250505_235418
Processing task: task_id_433 (Task index: 7)
Using MiniLM embedding model
Retrieving relevant examples for function 'isGreater'...
Response saved to results/20250505_235418/task_id_433/01_rag_examples.txt
Retrieving proof examples...
Response saved to results/20250505_235418/task_id_433/02_proof_rag_examples.txt
Response saved to results/20250505_235418/task_id_433/03_planning.txt
Response saved to results/20250505_235418/task_id_433/04_raw_code.txt
Response saved to results/20250505_235418/task_id_433/05_cleaned_code.txt
Response saved to results/20250505_235418/task_id_433/06_code_test.txt
Response saved to results/20250505_235418/task_id_433/07_code_fix_attempt_1.txt
Response saved to results/20250505_235418/task_id_433/08_cleaned_code_fix_1.txt
Response saved to results/20250505_235418/task_id_433/09_code_test_attempt_1.txt
Response saved to results/20250505_235418/task_id_433/10_raw_proof.txt
Response saved to results/20250505_235418/task_id_433/11_cleaned_proof.txt
Response saved to results/20250505_235418/task_id_433/12_full_test.txt
Response saved to results/20250505_235418/task_id_433/13_proof_error_analysis_1.txt
Response saved to results/20250505_235418/task_id_433/14_proof_fix_attempt_1.txt
Response saved to results/20250505_235418/task_id_433/15_cleaned_proof_fix_1.txt
Response saved to results/20250505_235418/task_id_433/16_full_test_attempt_1.txt
Response saved to results/20250505_235418/task_id_433/17_proof_error_analysis_2.txt
Response saved to results/20250505_235418/task_id_433/18_proof_fix_attempt_2.txt
Response saved to results/20250505_235418/task_id_433/19_cleaned_proof_fix_2.txt
Response saved to results/20250505_235418/task_id_433/20_full_test_attempt_2.txt
Response saved to results/20250505_235418/task_id_433/21_proof_error_analysis_3.txt
Response saved to results/20250505_235418/task_id_433/22_proof_fix_attempt_3.txt
Response saved to results/20250505_235418/task_id_433/23_cleaned_proof_fix_3.txt
Response saved to results/20250505_235418/task_id_433/24_full_test_attempt_3.txt
Response saved to results/20250505_235418/task_id_433/25_final_solution.txt
Solution generated in 292.22 seconds
Generated code length: 31 characters
Generated proof length: 367 characters
Loading Lean template and inserting generated solution...
Executing Lean code with implementation only (proof=sorry)...
Implementation test result: PASS
Executing Lean code with implementation and proof...
Full solution test result: FAIL
Proof error: lean_playground/TempTest.lean:21:8: error: tactic 'introN' failed, insufficient number of binders
n : ℤ
a : Array ℤ
⊢ (∀ i < a.size, n > a[i]!) ↔ (a.t...
✅ Implementation passes unit tests
❌ Proof has errors

==================================================
Processing task task_id_435...
Reading problem description and code template from tasks/task_id_435...
Problem description length: 596 characters
Reading unit tests...
Unit tests length: 231 characters
Running main workflow to generate solution...
Starting workflow run with timestamp: 20250505_235418
Processing task: task_id_435 (Task index: 8)
RAG is disabled for task 435
Response saved to results/20250505_235418/task_id_435/01_rag_status.txt
Response saved to results/20250505_235418/task_id_435/02_planning.txt
Response saved to results/20250505_235418/task_id_435/03_raw_code.txt
Response saved to results/20250505_235418/task_id_435/04_cleaned_code.txt
Response saved to results/20250505_235418/task_id_435/05_code_test.txt
Response saved to results/20250505_235418/task_id_435/06_raw_proof.txt
Response saved to results/20250505_235418/task_id_435/07_cleaned_proof.txt
Response saved to results/20250505_235418/task_id_435/08_full_test.txt
Response saved to results/20250505_235418/task_id_435/09_proof_error_analysis_1.txt
Response saved to results/20250505_235418/task_id_435/10_proof_fix_attempt_1.txt
Response saved to results/20250505_235418/task_id_435/11_cleaned_proof_fix_1.txt
Response saved to results/20250505_235418/task_id_435/12_full_test_attempt_1.txt
Response saved to results/20250505_235418/task_id_435/13_proof_error_analysis_2.txt
Response saved to results/20250505_235418/task_id_435/14_proof_fix_attempt_2.txt
Response saved to results/20250505_235418/task_id_435/15_cleaned_proof_fix_2.txt
Response saved to results/20250505_235418/task_id_435/16_full_test_attempt_2.txt
Response saved to results/20250505_235418/task_id_435/17_proof_error_analysis_3.txt
Response saved to results/20250505_235418/task_id_435/18_proof_fix_attempt_3.txt
Response saved to results/20250505_235418/task_id_435/19_cleaned_proof_fix_3.txt
Response saved to results/20250505_235418/task_id_435/20_full_test_attempt_3.txt
Response saved to results/20250505_235418/task_id_435/21_final_solution.txt
Solution generated in 218.79 seconds
Generated code length: 6 characters
Generated proof length: 80 characters
Loading Lean template and inserting generated solution...
Executing Lean code with implementation only (proof=sorry)...
Implementation test result: PASS
Executing Lean code with implementation and proof...
Full solution test result: FAIL
Proof error: lean_playground/TempTest.lean:19:36: error: unsolved goals
case left
n : ℕ
⊢ 0 ≤ n % 10 ∧ n % 10 < 10

case right
n : ℕ
⊢ n % 10 = n % 10
lean_playgro...
✅ Implementation passes unit tests
❌ Proof has errors

==================================================
Processing task task_id_441...
Reading problem description and code template from tasks/task_id_441...
Problem description length: 489 characters
Reading unit tests...
Unit tests length: 171 characters
Running main workflow to generate solution...
Starting workflow run with timestamp: 20250505_235418
Processing task: task_id_441 (Task index: 9)
RAG is disabled for task 441
Response saved to results/20250505_235418/task_id_441/01_rag_status.txt
Response saved to results/20250505_235418/task_id_441/02_planning.txt
Response saved to results/20250505_235418/task_id_441/03_raw_code.txt
Response saved to results/20250505_235418/task_id_441/04_cleaned_code.txt
Response saved to results/20250505_235418/task_id_441/05_code_test.txt
Response saved to results/20250505_235418/task_id_441/06_raw_proof.txt
Response saved to results/20250505_235418/task_id_441/07_cleaned_proof.txt
Response saved to results/20250505_235418/task_id_441/08_full_test.txt
Response saved to results/20250505_235418/task_id_441/09_final_solution.txt
Solution generated in 77.13 seconds
Generated code length: 15 characters
Generated proof length: 3 characters
Loading Lean template and inserting generated solution...
Executing Lean code with implementation only (proof=sorry)...
Implementation test result: PASS
Executing Lean code with implementation and proof...
Full solution test result: PASS
✅ Implementation passes unit tests
✅ Proof is correct

==================================================
Processing task task_id_447...
Reading problem description and code template from tasks/task_id_447...
Problem description length: 691 characters
Reading unit tests...
Unit tests length: 234 characters
Running main workflow to generate solution...
Starting workflow run with timestamp: 20250505_235418
Processing task: task_id_447 (Task index: 10)
Using MiniLM embedding model
Retrieving relevant examples for function 'cubeElements'...
Response saved to results/20250505_235418/task_id_447/01_rag_examples.txt
Retrieving proof examples...
Response saved to results/20250505_235418/task_id_447/02_proof_rag_examples.txt
Response saved to results/20250505_235418/task_id_447/03_planning.txt
Response saved to results/20250505_235418/task_id_447/04_raw_code.txt
Response saved to results/20250505_235418/task_id_447/05_cleaned_code.txt
Response saved to results/20250505_235418/task_id_447/06_code_test.txt
Response saved to results/20250505_235418/task_id_447/07_code_fix_attempt_1.txt
Response saved to results/20250505_235418/task_id_447/08_cleaned_code_fix_1.txt
Response saved to results/20250505_235418/task_id_447/09_code_test_attempt_1.txt
Response saved to results/20250505_235418/task_id_447/10_raw_proof.txt
Response saved to results/20250505_235418/task_id_447/11_cleaned_proof.txt
Response saved to results/20250505_235418/task_id_447/12_full_test.txt
Response saved to results/20250505_235418/task_id_447/13_proof_error_analysis_1.txt
Response saved to results/20250505_235418/task_id_447/14_proof_fix_attempt_1.txt
Response saved to results/20250505_235418/task_id_447/15_cleaned_proof_fix_1.txt
Response saved to results/20250505_235418/task_id_447/16_full_test_attempt_1.txt
Response saved to results/20250505_235418/task_id_447/17_proof_error_analysis_2.txt
Response saved to results/20250505_235418/task_id_447/18_proof_fix_attempt_2.txt
Response saved to results/20250505_235418/task_id_447/19_cleaned_proof_fix_2.txt
Response saved to results/20250505_235418/task_id_447/20_full_test_attempt_2.txt
Response saved to results/20250505_235418/task_id_447/21_proof_error_analysis_3.txt
Response saved to results/20250505_235418/task_id_447/22_proof_fix_attempt_3.txt
Response saved to results/20250505_235418/task_id_447/23_cleaned_proof_fix_3.txt
Response saved to results/20250505_235418/task_id_447/24_full_test_attempt_3.txt
Response saved to results/20250505_235418/task_id_447/25_final_solution.txt
Solution generated in 392.12 seconds
Generated code length: 24 characters
Generated proof length: 111 characters
Loading Lean template and inserting generated solution...
Executing Lean code with implementation only (proof=sorry)...
Implementation test result: PASS
Executing Lean code with implementation and proof...
Full solution test result: FAIL
Proof error: lean_playground/TempTest.lean:19:42: error: unsolved goals
case left
a : Array ℤ
⊢ (Array.map (fun x => x * x * x) a).size = a.size

case right
a : Ar...
✅ Implementation passes unit tests
❌ Proof has errors
Testing Summary:
Task task_id_0:
  Passes Unit Tests: True
  Proof is Correct: True
  Runtime: 101.34955215454102 seconds
---
Task task_id_58:
  Passes Unit Tests: True
  Proof is Correct: True
  Runtime: 65.14199805259705 seconds
---
Task task_id_77:
  Passes Unit Tests: True
  Proof is Correct: True
  Runtime: 60.229674100875854 seconds
---
Task task_id_127:
  Passes Unit Tests: True
  Proof is Correct: True
  Runtime: 108.25541567802429 seconds
---
Task task_id_227:
  Passes Unit Tests: True
  Proof is Correct: False
  Runtime: 589.8855402469635 seconds
---
Task task_id_404:
  Passes Unit Tests: True
  Proof is Correct: False
  Runtime: 372.1813151836395 seconds
---
Task task_id_431:
  Passes Unit Tests: True
  Proof is Correct: False
  Runtime: 315.5842308998108 seconds
---
Task task_id_433:
  Passes Unit Tests: True
  Proof is Correct: False
  Runtime: 292.22238206863403 seconds
---
Task task_id_435:
  Passes Unit Tests: True
  Proof is Correct: False
  Runtime: 218.78704929351807 seconds
---
Task task_id_441:
  Passes Unit Tests: True
  Proof is Correct: True
  Runtime: 77.13218784332275 seconds
---
Task task_id_447:
  Passes Unit Tests: True
  Proof is Correct: False
  Runtime: 392.12012910842896 seconds
---
