RAG components successfully imported.
Starting test of 4 tasks: task_id_227, task_id_404, task_id_431, task_id_433

==================================================
Processing task task_id_227...
Reading problem description and code template from tasks/task_id_227...
Problem description length: 608 characters
Reading unit tests...
Unit tests length: 339 characters
Running main workflow to generate solution...
Starting workflow run with timestamp: 20250505_122523
Processing task: task_id_227 (Task index: 0)
Retrieving relevant examples for function 'minOfThree'...
Response saved to results/20250505_122523/task_id_227/01_rag_examples.txt
Retrieving proof examples...
Response saved to results/20250505_122523/task_id_227/02_proof_rag_examples.txt
Response saved to results/20250505_122523/task_id_227/03_planning.txt
Response saved to results/20250505_122523/task_id_227/04_raw_code.txt
Response saved to results/20250505_122523/task_id_227/05_cleaned_code.txt
Response saved to results/20250505_122523/task_id_227/06_code_test.txt
Response saved to results/20250505_122523/task_id_227/07_code_fix_attempt_1.txt
Response saved to results/20250505_122523/task_id_227/08_cleaned_code_fix_1.txt
Response saved to results/20250505_122523/task_id_227/09_code_test_attempt_1.txt
Response saved to results/20250505_122523/task_id_227/10_code_fix_attempt_2.txt
Response saved to results/20250505_122523/task_id_227/11_cleaned_code_fix_2.txt
Response saved to results/20250505_122523/task_id_227/12_code_test_attempt_2.txt
Response saved to results/20250505_122523/task_id_227/13_code_fix_attempt_3.txt
Response saved to results/20250505_122523/task_id_227/14_cleaned_code_fix_3.txt
Response saved to results/20250505_122523/task_id_227/15_code_test_attempt_3.txt
Response saved to results/20250505_122523/task_id_227/16_raw_proof.txt
Response saved to results/20250505_122523/task_id_227/17_cleaned_proof.txt
Response saved to results/20250505_122523/task_id_227/18_full_test.txt
Response saved to results/20250505_122523/task_id_227/19_proof_error_analysis_1.txt
Response saved to results/20250505_122523/task_id_227/20_proof_fix_attempt_1.txt
Response saved to results/20250505_122523/task_id_227/21_cleaned_proof_fix_1.txt
Response saved to results/20250505_122523/task_id_227/22_full_test_attempt_1.txt
Response saved to results/20250505_122523/task_id_227/23_proof_error_analysis_2.txt
Response saved to results/20250505_122523/task_id_227/24_proof_fix_attempt_2.txt
Response saved to results/20250505_122523/task_id_227/25_cleaned_proof_fix_2.txt
Response saved to results/20250505_122523/task_id_227/26_full_test_attempt_2.txt
Response saved to results/20250505_122523/task_id_227/27_proof_error_analysis_3.txt
Response saved to results/20250505_122523/task_id_227/28_proof_fix_attempt_3.txt
Response saved to results/20250505_122523/task_id_227/29_cleaned_proof_fix_3.txt
Response saved to results/20250505_122523/task_id_227/30_full_test_attempt_3.txt
Response saved to results/20250505_122523/task_id_227/31_final_solution.txt
Solution generated in 575.18 seconds
Generated code length: 196 characters
Generated proof length: 522 characters
Loading Lean template and inserting generated solution...
Executing Lean code with implementation only (proof=sorry)...
Implementation test result: FAIL
Implementation error: lean_playground/TempTest.lean:8:41: error: function expected at
  c
term has type
  ℤ
lean_playground/TempTest.lean:10:67: error: unexpected token 'us...
Executing Lean code with implementation and proof...
Full solution test result: FAIL
Proof error: lean_playground/TempTest.lean:8:41: error: function expected at
  c
term has type
  ℤ
lean_playground/TempTest.lean:10:67: error: unexpected token 'us...
❌ Implementation fails unit tests
❌ Proof has errors

==================================================
Processing task task_id_404...
Reading problem description and code template from tasks/task_id_404...
Problem description length: 483 characters
Reading unit tests...
Unit tests length: 228 characters
Running main workflow to generate solution...
Starting workflow run with timestamp: 20250505_122523
Processing task: task_id_404 (Task index: 1)
Retrieving relevant examples for function 'myMin'...
Response saved to results/20250505_122523/task_id_404/01_rag_examples.txt
Retrieving proof examples...
Response saved to results/20250505_122523/task_id_404/02_proof_rag_examples.txt
Response saved to results/20250505_122523/task_id_404/03_planning.txt
Response saved to results/20250505_122523/task_id_404/04_raw_code.txt
Response saved to results/20250505_122523/task_id_404/05_cleaned_code.txt
Response saved to results/20250505_122523/task_id_404/06_code_test.txt
Response saved to results/20250505_122523/task_id_404/07_raw_proof.txt
Response saved to results/20250505_122523/task_id_404/08_cleaned_proof.txt
Response saved to results/20250505_122523/task_id_404/09_full_test.txt
Response saved to results/20250505_122523/task_id_404/10_proof_error_analysis_1.txt
Response saved to results/20250505_122523/task_id_404/11_proof_fix_attempt_1.txt
Response saved to results/20250505_122523/task_id_404/12_cleaned_proof_fix_1.txt
Response saved to results/20250505_122523/task_id_404/13_full_test_attempt_1.txt
Response saved to results/20250505_122523/task_id_404/14_proof_error_analysis_2.txt
Response saved to results/20250505_122523/task_id_404/15_proof_fix_attempt_2.txt
Response saved to results/20250505_122523/task_id_404/16_cleaned_proof_fix_2.txt
Response saved to results/20250505_122523/task_id_404/17_full_test_attempt_2.txt
Response saved to results/20250505_122523/task_id_404/18_proof_error_analysis_3.txt
Response saved to results/20250505_122523/task_id_404/19_proof_fix_attempt_3.txt
Response saved to results/20250505_122523/task_id_404/20_cleaned_proof_fix_3.txt
Response saved to results/20250505_122523/task_id_404/21_full_test_attempt_3.txt
Response saved to results/20250505_122523/task_id_404/22_final_solution.txt
Solution generated in 301.94 seconds
Generated code length: 22 characters
Generated proof length: 117 characters
Loading Lean template and inserting generated solution...
Executing Lean code with implementation only (proof=sorry)...
Implementation test result: PASS
Executing Lean code with implementation and proof...
Full solution test result: FAIL
Proof error: lean_playground/TempTest.lean:19:32: error: unsolved goals
case pos
a b : ℤ
h✝ : a ≤ b
⊢ (a ≤ a ∧ a ≤ b) ∧ (a = a ∨ a = b)

case neg
a b : ℤ
h✝ : ¬a ≤...
✅ Implementation passes unit tests
❌ Proof has errors

==================================================
Processing task task_id_431...
Reading problem description and code template from tasks/task_id_431...
Problem description length: 597 characters
Reading unit tests...
Unit tests length: 465 characters
Running main workflow to generate solution...
Starting workflow run with timestamp: 20250505_122523
Processing task: task_id_431 (Task index: 2)
Retrieving relevant examples for function 'hasCommonElement'...
Response saved to results/20250505_122523/task_id_431/01_rag_examples.txt
Retrieving proof examples...
Response saved to results/20250505_122523/task_id_431/02_proof_rag_examples.txt
Response saved to results/20250505_122523/task_id_431/03_planning.txt
Response saved to results/20250505_122523/task_id_431/04_raw_code.txt
Response saved to results/20250505_122523/task_id_431/05_cleaned_code.txt
Response saved to results/20250505_122523/task_id_431/06_code_test.txt
Response saved to results/20250505_122523/task_id_431/07_code_fix_attempt_1.txt
Response saved to results/20250505_122523/task_id_431/08_cleaned_code_fix_1.txt
Response saved to results/20250505_122523/task_id_431/09_code_test_attempt_1.txt
Response saved to results/20250505_122523/task_id_431/10_code_fix_attempt_2.txt
Response saved to results/20250505_122523/task_id_431/11_cleaned_code_fix_2.txt
Response saved to results/20250505_122523/task_id_431/12_code_test_attempt_2.txt
Response saved to results/20250505_122523/task_id_431/13_code_fix_attempt_3.txt
Response saved to results/20250505_122523/task_id_431/14_cleaned_code_fix_3.txt
Response saved to results/20250505_122523/task_id_431/15_code_test_attempt_3.txt
Response saved to results/20250505_122523/task_id_431/16_raw_proof.txt
Response saved to results/20250505_122523/task_id_431/17_cleaned_proof.txt
Response saved to results/20250505_122523/task_id_431/18_full_test.txt
Response saved to results/20250505_122523/task_id_431/19_proof_error_analysis_1.txt
Response saved to results/20250505_122523/task_id_431/20_proof_fix_attempt_1.txt
Response saved to results/20250505_122523/task_id_431/21_cleaned_proof_fix_1.txt
Response saved to results/20250505_122523/task_id_431/22_full_test_attempt_1.txt
Response saved to results/20250505_122523/task_id_431/23_proof_error_analysis_2.txt
Response saved to results/20250505_122523/task_id_431/24_proof_fix_attempt_2.txt
Response saved to results/20250505_122523/task_id_431/25_cleaned_proof_fix_2.txt
Response saved to results/20250505_122523/task_id_431/26_full_test_attempt_2.txt
Response saved to results/20250505_122523/task_id_431/27_proof_error_analysis_3.txt
Response saved to results/20250505_122523/task_id_431/28_proof_fix_attempt_3.txt
Response saved to results/20250505_122523/task_id_431/29_cleaned_proof_fix_3.txt
Response saved to results/20250505_122523/task_id_431/30_full_test_attempt_3.txt
Response saved to results/20250505_122523/task_id_431/31_final_solution.txt
Solution generated in 370.67 seconds
Generated code length: 285 characters
Generated proof length: 335 characters
Loading Lean template and inserting generated solution...
Executing Lean code with implementation only (proof=sorry)...
Implementation test result: FAIL
Implementation error: lean_playground/TempTest.lean:7:2: error: function expected at
  a.toList.any fun x => b.toList.contains x
term has type
  Bool
lean_playground/TempTe...
Executing Lean code with implementation and proof...
Full solution test result: FAIL
Proof error: lean_playground/TempTest.lean:7:2: error: function expected at
  a.toList.any fun x => b.toList.contains x
term has type
  Bool
lean_playground/TempTe...
❌ Implementation fails unit tests
❌ Proof has errors

==================================================
Processing task task_id_433...
Reading problem description and code template from tasks/task_id_433...
Problem description length: 646 characters
Reading unit tests...
Unit tests length: 367 characters
Running main workflow to generate solution...
Starting workflow run with timestamp: 20250505_122523
Processing task: task_id_433 (Task index: 3)
Retrieving relevant examples for function 'isGreater'...
Response saved to results/20250505_122523/task_id_433/01_rag_examples.txt
Retrieving proof examples...
Response saved to results/20250505_122523/task_id_433/02_proof_rag_examples.txt
Response saved to results/20250505_122523/task_id_433/03_planning.txt
Response saved to results/20250505_122523/task_id_433/04_raw_code.txt
Response saved to results/20250505_122523/task_id_433/05_cleaned_code.txt
Response saved to results/20250505_122523/task_id_433/06_code_test.txt
Response saved to results/20250505_122523/task_id_433/07_code_fix_attempt_1.txt
Response saved to results/20250505_122523/task_id_433/08_cleaned_code_fix_1.txt
Response saved to results/20250505_122523/task_id_433/09_code_test_attempt_1.txt
Response saved to results/20250505_122523/task_id_433/10_code_fix_attempt_2.txt
Response saved to results/20250505_122523/task_id_433/11_cleaned_code_fix_2.txt
Response saved to results/20250505_122523/task_id_433/12_code_test_attempt_2.txt
Response saved to results/20250505_122523/task_id_433/13_code_fix_attempt_3.txt
Response saved to results/20250505_122523/task_id_433/14_cleaned_code_fix_3.txt
Response saved to results/20250505_122523/task_id_433/15_code_test_attempt_3.txt
Response saved to results/20250505_122523/task_id_433/16_raw_proof.txt
Response saved to results/20250505_122523/task_id_433/17_cleaned_proof.txt
Response saved to results/20250505_122523/task_id_433/18_full_test.txt
Response saved to results/20250505_122523/task_id_433/19_proof_error_analysis_1.txt
Response saved to results/20250505_122523/task_id_433/20_proof_fix_attempt_1.txt
Response saved to results/20250505_122523/task_id_433/21_cleaned_proof_fix_1.txt
Response saved to results/20250505_122523/task_id_433/22_full_test_attempt_1.txt
Response saved to results/20250505_122523/task_id_433/23_proof_error_analysis_2.txt
Response saved to results/20250505_122523/task_id_433/24_proof_fix_attempt_2.txt
Response saved to results/20250505_122523/task_id_433/25_cleaned_proof_fix_2.txt
Response saved to results/20250505_122523/task_id_433/26_full_test_attempt_2.txt
Response saved to results/20250505_122523/task_id_433/27_proof_error_analysis_3.txt
Response saved to results/20250505_122523/task_id_433/28_proof_fix_attempt_3.txt
Response saved to results/20250505_122523/task_id_433/29_cleaned_proof_fix_3.txt
Response saved to results/20250505_122523/task_id_433/30_full_test_attempt_3.txt
Response saved to results/20250505_122523/task_id_433/31_final_solution.txt
Solution generated in 285.72 seconds
Generated code length: 162 characters
Generated proof length: 242 characters
Loading Lean template and inserting generated solution...
Executing Lean code with implementation only (proof=sorry)...
Implementation test result: FAIL
Implementation error: lean_playground/TempTest.lean:7:2: error: function expected at
  a.toList.all fun x => decide (n > x)
term has type
  Bool
lean_playground/TempTest.le...
Executing Lean code with implementation and proof...
Full solution test result: FAIL
Proof error: lean_playground/TempTest.lean:7:2: error: function expected at
  a.toList.all fun x => decide (n > x)
term has type
  Bool
lean_playground/TempTest.le...
❌ Implementation fails unit tests
❌ Proof has errors
Testing Summary:
Task task_id_227:
  Passes Unit Tests: False
  Proof is Correct: False
  Runtime: 575.1790599822998 seconds
---
Task task_id_404:
  Passes Unit Tests: True
  Proof is Correct: False
  Runtime: 301.9378390312195 seconds
---
Task task_id_431:
  Passes Unit Tests: False
  Proof is Correct: False
  Runtime: 370.66504764556885 seconds
---
Task task_id_433:
  Passes Unit Tests: False
  Proof is Correct: False
  Runtime: 285.7154312133789 seconds
---
