Starting test of 11 tasks: task_id_0, task_id_58, task_id_77, task_id_127, task_id_227, task_id_404, task_id_431, task_id_433, task_id_435, task_id_441, task_id_447

==================================================
Processing task task_id_0...
Reading problem description and code template from tasks/task_id_0...
Problem description length: 310 characters
Reading unit tests...
Unit tests length: 69 characters
Running main workflow to generate solution...
Starting workflow run with timestamp: 20250504_205228
Processing task: task_id_0 (Task index: 0)
[2025-05-04 20:52:46,089] [INFO] [real_accelerator.py:239:get_accelerator] Setting ds_accelerator to mps (auto detect)
RAG setup failed: Failed to import transformers.trainer because of the following error (look up to see its traceback):
cannot import name 'IncEx' from 'pydantic.main' (/Library/Frameworks/Python.framework/Versions/3.11/lib/python3.11/site-packages/pydantic/main.py). Continuing without RAG.
Response saved to results/20250504_205228/task_id_0/01_planning.txt
RAG retrieval failed: cannot access local variable 'embedding_database_file' where it is not associated with a value
Response saved to results/20250504_205228/task_id_0/02_raw_code.txt
Response saved to results/20250504_205228/task_id_0/03_cleaned_code.txt
Response saved to results/20250504_205228/task_id_0/04_code_test.txt
Response saved to results/20250504_205228/task_id_0/05_raw_proof.txt
Response saved to results/20250504_205228/task_id_0/06_cleaned_proof.txt
Response saved to results/20250504_205228/task_id_0/07_full_test.txt
Response saved to results/20250504_205228/task_id_0/08_proof_fix_attempt_1.txt
Response saved to results/20250504_205228/task_id_0/09_cleaned_proof_fix_1.txt
Response saved to results/20250504_205228/task_id_0/10_full_test_attempt_1.txt
Response saved to results/20250504_205228/task_id_0/11_proof_fix_attempt_2.txt
Response saved to results/20250504_205228/task_id_0/12_cleaned_proof_fix_2.txt
Response saved to results/20250504_205228/task_id_0/13_full_test_attempt_2.txt
Response saved to results/20250504_205228/task_id_0/14_proof_fix_attempt_3.txt
Response saved to results/20250504_205228/task_id_0/15_cleaned_proof_fix_3.txt
Response saved to results/20250504_205228/task_id_0/16_full_test_attempt_3.txt
Response saved to results/20250504_205228/task_id_0/17_final_solution.txt
Solution generated in 125.96 seconds
Generated code length: 1 characters
Generated proof length: 97 characters
Loading Lean template and inserting generated solution...
Executing Lean code with implementation only (proof=sorry)...
Implementation test result: PASS
Executing Lean code with implementation and proof...
Full solution test result: FAIL
Proof error: lean_playground/TempTest.lean:17:28: error: unsolved goals
x : ℕ
⊢ x = x
lean_playground/TempTest.lean:20:10: error: 'ident_spec_satisfied' has alread...
✅ Implementation passes unit tests
❌ Proof has errors

==================================================
Processing task task_id_58...
Reading problem description and code template from tasks/task_id_58...
Problem description length: 700 characters
Reading unit tests...
Unit tests length: 462 characters
Running main workflow to generate solution...
Starting workflow run with timestamp: 20250504_205228
Processing task: task_id_58 (Task index: 1)
RAG setup failed: Failed to import transformers.trainer because of the following error (look up to see its traceback):
cannot import name 'IncEx' from 'pydantic.main' (/Library/Frameworks/Python.framework/Versions/3.11/lib/python3.11/site-packages/pydantic/main.py). Continuing without RAG.
Response saved to results/20250504_205228/task_id_58/01_planning.txt
RAG retrieval failed: cannot access local variable 'embedding_database_file' where it is not associated with a value
Response saved to results/20250504_205228/task_id_58/02_raw_code.txt
Response saved to results/20250504_205228/task_id_58/03_cleaned_code.txt
Response saved to results/20250504_205228/task_id_58/04_code_test.txt
Response saved to results/20250504_205228/task_id_58/05_raw_proof.txt
Response saved to results/20250504_205228/task_id_58/06_cleaned_proof.txt
Response saved to results/20250504_205228/task_id_58/07_full_test.txt
Response saved to results/20250504_205228/task_id_58/08_proof_fix_attempt_1.txt
Response saved to results/20250504_205228/task_id_58/09_cleaned_proof_fix_1.txt
Response saved to results/20250504_205228/task_id_58/10_full_test_attempt_1.txt
Response saved to results/20250504_205228/task_id_58/11_proof_fix_attempt_2.txt
Response saved to results/20250504_205228/task_id_58/12_cleaned_proof_fix_2.txt
Response saved to results/20250504_205228/task_id_58/13_full_test_attempt_2.txt
Response saved to results/20250504_205228/task_id_58/14_proof_fix_attempt_3.txt
Response saved to results/20250504_205228/task_id_58/15_cleaned_proof_fix_3.txt
Response saved to results/20250504_205228/task_id_58/16_full_test_attempt_3.txt
Response saved to results/20250504_205228/task_id_58/17_final_solution.txt
Solution generated in 101.96 seconds
Generated code length: 42 characters
Generated proof length: 309 characters
Loading Lean template and inserting generated solution...
Executing Lean code with implementation only (proof=sorry)...
Implementation test result: PASS
Executing Lean code with implementation and proof...
Full solution test result: FAIL
Proof error: lean_playground/TempTest.lean:18:52: error: unsolved goals
a b : ℤ
⊢ a < 0 ∧ b > 0 ∨ a > 0 ∧ b < 0 ↔ decide (a < 0 ∧ b > 0 ∨ a > 0 ∧ b < 0) = true
lea...
✅ Implementation passes unit tests
❌ Proof has errors

==================================================
Processing task task_id_77...
Reading problem description and code template from tasks/task_id_77...
Problem description length: 456 characters
Reading unit tests...
Unit tests length: 449 characters
Running main workflow to generate solution...
Starting workflow run with timestamp: 20250504_205228
Processing task: task_id_77 (Task index: 2)
RAG setup failed: Failed to import transformers.trainer because of the following error (look up to see its traceback):
cannot import name 'IncEx' from 'pydantic.main' (/Library/Frameworks/Python.framework/Versions/3.11/lib/python3.11/site-packages/pydantic/main.py). Continuing without RAG.
Response saved to results/20250504_205228/task_id_77/01_planning.txt
RAG retrieval failed: cannot access local variable 'embedding_database_file' where it is not associated with a value
Response saved to results/20250504_205228/task_id_77/02_raw_code.txt
Response saved to results/20250504_205228/task_id_77/03_cleaned_code.txt
Response saved to results/20250504_205228/task_id_77/04_code_test.txt
Response saved to results/20250504_205228/task_id_77/05_raw_proof.txt
Response saved to results/20250504_205228/task_id_77/06_cleaned_proof.txt
Response saved to results/20250504_205228/task_id_77/07_full_test.txt
Response saved to results/20250504_205228/task_id_77/08_proof_fix_attempt_1.txt
Response saved to results/20250504_205228/task_id_77/09_cleaned_proof_fix_1.txt
Response saved to results/20250504_205228/task_id_77/10_full_test_attempt_1.txt
Response saved to results/20250504_205228/task_id_77/11_proof_fix_attempt_2.txt
Response saved to results/20250504_205228/task_id_77/12_cleaned_proof_fix_2.txt
Response saved to results/20250504_205228/task_id_77/13_full_test_attempt_2.txt
Response saved to results/20250504_205228/task_id_77/14_proof_fix_attempt_3.txt
Response saved to results/20250504_205228/task_id_77/15_cleaned_proof_fix_3.txt
Response saved to results/20250504_205228/task_id_77/16_full_test_attempt_3.txt
Response saved to results/20250504_205228/task_id_77/17_final_solution.txt
Solution generated in 155.76 seconds
Generated code length: 34 characters
Generated proof length: 315 characters
Loading Lean template and inserting generated solution...
Executing Lean code with implementation only (proof=sorry)...
Implementation test result: PASS
Executing Lean code with implementation and proof...
Full solution test result: FAIL
Proof error: lean_playground/TempTest.lean:18:48: error: unsolved goals
n : ℤ
⊢ n % 11 = 0 ↔ (if n % 11 = 0 then true else false) = true
lean_playground/TempTest.l...
✅ Implementation passes unit tests
❌ Proof has errors

==================================================
Processing task task_id_127...
Reading problem description and code template from tasks/task_id_127...
Problem description length: 342 characters
Reading unit tests...
Unit tests length: 219 characters
Running main workflow to generate solution...
Starting workflow run with timestamp: 20250504_205228
Processing task: task_id_127 (Task index: 3)
RAG setup failed: Failed to import transformers.trainer because of the following error (look up to see its traceback):
cannot import name 'IncEx' from 'pydantic.main' (/Library/Frameworks/Python.framework/Versions/3.11/lib/python3.11/site-packages/pydantic/main.py). Continuing without RAG.
Response saved to results/20250504_205228/task_id_127/01_planning.txt
RAG retrieval failed: cannot access local variable 'embedding_database_file' where it is not associated with a value
Response saved to results/20250504_205228/task_id_127/02_raw_code.txt
Response saved to results/20250504_205228/task_id_127/03_cleaned_code.txt
Response saved to results/20250504_205228/task_id_127/04_code_test.txt
Response saved to results/20250504_205228/task_id_127/05_raw_proof.txt
Response saved to results/20250504_205228/task_id_127/06_cleaned_proof.txt
Response saved to results/20250504_205228/task_id_127/07_full_test.txt
Response saved to results/20250504_205228/task_id_127/08_proof_fix_attempt_1.txt
Response saved to results/20250504_205228/task_id_127/09_cleaned_proof_fix_1.txt
Response saved to results/20250504_205228/task_id_127/10_full_test_attempt_1.txt
Response saved to results/20250504_205228/task_id_127/11_proof_fix_attempt_2.txt
Response saved to results/20250504_205228/task_id_127/12_cleaned_proof_fix_2.txt
Response saved to results/20250504_205228/task_id_127/13_full_test_attempt_2.txt
Response saved to results/20250504_205228/task_id_127/14_proof_fix_attempt_3.txt
Response saved to results/20250504_205228/task_id_127/15_cleaned_proof_fix_3.txt
Response saved to results/20250504_205228/task_id_127/16_full_test_attempt_3.txt
Response saved to results/20250504_205228/task_id_127/17_final_solution.txt
Solution generated in 239.94 seconds
Generated code length: 5 characters
Generated proof length: 132 characters
Loading Lean template and inserting generated solution...
Executing Lean code with implementation only (proof=sorry)...
Implementation test result: PASS
Executing Lean code with implementation and proof...
Full solution test result: FAIL
Proof error: lean_playground/TempTest.lean:18:38: error: unsolved goals
a b : ℤ
⊢ a * b = a * b
lean_playground/TempTest.lean:21:10: error: 'multiply_spec_satisfie...
✅ Implementation passes unit tests
❌ Proof has errors

==================================================
Processing task task_id_227...
Reading problem description and code template from tasks/task_id_227...
Problem description length: 608 characters
Reading unit tests...
Unit tests length: 339 characters
Running main workflow to generate solution...
Starting workflow run with timestamp: 20250504_205228
Processing task: task_id_227 (Task index: 4)
RAG setup failed: Failed to import transformers.trainer because of the following error (look up to see its traceback):
cannot import name 'IncEx' from 'pydantic.main' (/Library/Frameworks/Python.framework/Versions/3.11/lib/python3.11/site-packages/pydantic/main.py). Continuing without RAG.
Response saved to results/20250504_205228/task_id_227/01_planning.txt
RAG retrieval failed: cannot access local variable 'embedding_database_file' where it is not associated with a value
Response saved to results/20250504_205228/task_id_227/02_raw_code.txt
Response saved to results/20250504_205228/task_id_227/03_cleaned_code.txt
Response saved to results/20250504_205228/task_id_227/04_code_test.txt
Response saved to results/20250504_205228/task_id_227/05_raw_proof.txt
Response saved to results/20250504_205228/task_id_227/06_cleaned_proof.txt
Response saved to results/20250504_205228/task_id_227/07_full_test.txt
Response saved to results/20250504_205228/task_id_227/08_proof_fix_attempt_1.txt
Response saved to results/20250504_205228/task_id_227/09_cleaned_proof_fix_1.txt
Response saved to results/20250504_205228/task_id_227/10_full_test_attempt_1.txt
Response saved to results/20250504_205228/task_id_227/11_proof_fix_attempt_2.txt
Response saved to results/20250504_205228/task_id_227/12_cleaned_proof_fix_2.txt
Response saved to results/20250504_205228/task_id_227/13_full_test_attempt_2.txt
Response saved to results/20250504_205228/task_id_227/14_proof_fix_attempt_3.txt
Response saved to results/20250504_205228/task_id_227/15_cleaned_proof_fix_3.txt
Response saved to results/20250504_205228/task_id_227/16_full_test_attempt_3.txt
Response saved to results/20250504_205228/task_id_227/17_final_solution.txt
Solution generated in 139.85 seconds
Generated code length: 71 characters
Generated proof length: 1539 characters
Loading Lean template and inserting generated solution...
Executing Lean code with implementation only (proof=sorry)...
Implementation test result: PASS
Executing Lean code with implementation and proof...
Full solution test result: FAIL
Proof error: lean_playground/TempTest.lean:22:46: error: unsolved goals
a b c : ℤ
⊢ ((if a ≤ b then if a ≤ c then a else c else if b ≤ c then b else c) ≤ a ∧
     ...
✅ Implementation passes unit tests
❌ Proof has errors

==================================================
Processing task task_id_404...
Reading problem description and code template from tasks/task_id_404...
Problem description length: 483 characters
Reading unit tests...
Unit tests length: 228 characters
Running main workflow to generate solution...
Starting workflow run with timestamp: 20250504_205228
Processing task: task_id_404 (Task index: 5)
RAG setup failed: Failed to import transformers.trainer because of the following error (look up to see its traceback):
cannot import name 'IncEx' from 'pydantic.main' (/Library/Frameworks/Python.framework/Versions/3.11/lib/python3.11/site-packages/pydantic/main.py). Continuing without RAG.
Response saved to results/20250504_205228/task_id_404/01_planning.txt
RAG retrieval failed: cannot access local variable 'embedding_database_file' where it is not associated with a value
Response saved to results/20250504_205228/task_id_404/02_raw_code.txt
Response saved to results/20250504_205228/task_id_404/03_cleaned_code.txt
Response saved to results/20250504_205228/task_id_404/04_code_test.txt
Response saved to results/20250504_205228/task_id_404/05_raw_proof.txt
Response saved to results/20250504_205228/task_id_404/06_cleaned_proof.txt
Response saved to results/20250504_205228/task_id_404/07_full_test.txt
Response saved to results/20250504_205228/task_id_404/08_proof_fix_attempt_1.txt
Response saved to results/20250504_205228/task_id_404/09_cleaned_proof_fix_1.txt
Response saved to results/20250504_205228/task_id_404/10_full_test_attempt_1.txt
Response saved to results/20250504_205228/task_id_404/11_proof_fix_attempt_2.txt
Response saved to results/20250504_205228/task_id_404/12_cleaned_proof_fix_2.txt
Response saved to results/20250504_205228/task_id_404/13_full_test_attempt_2.txt
Response saved to results/20250504_205228/task_id_404/14_proof_fix_attempt_3.txt
Response saved to results/20250504_205228/task_id_404/15_cleaned_proof_fix_3.txt
Response saved to results/20250504_205228/task_id_404/16_full_test_attempt_3.txt
Response saved to results/20250504_205228/task_id_404/17_final_solution.txt
Solution generated in 177.61 seconds
Generated code length: 22 characters
Generated proof length: 361 characters
Loading Lean template and inserting generated solution...
Executing Lean code with implementation only (proof=sorry)...
Implementation test result: PASS
Executing Lean code with implementation and proof...
Full solution test result: FAIL
Proof error: lean_playground/TempTest.lean:19:32: error: unsolved goals
a b : ℤ
⊢ ((if a ≤ b then a else b) ≤ a ∧ (if a ≤ b then a else b) ≤ b) ∧
    ((if a ≤ b th...
✅ Implementation passes unit tests
❌ Proof has errors

==================================================
Processing task task_id_431...
Reading problem description and code template from tasks/task_id_431...
Problem description length: 597 characters
Reading unit tests...
Unit tests length: 465 characters
Running main workflow to generate solution...
Starting workflow run with timestamp: 20250504_205228
Processing task: task_id_431 (Task index: 6)
RAG setup failed: Failed to import transformers.trainer because of the following error (look up to see its traceback):
cannot import name 'IncEx' from 'pydantic.main' (/Library/Frameworks/Python.framework/Versions/3.11/lib/python3.11/site-packages/pydantic/main.py). Continuing without RAG.
Response saved to results/20250504_205228/task_id_431/01_planning.txt
RAG retrieval failed: cannot access local variable 'embedding_database_file' where it is not associated with a value
Response saved to results/20250504_205228/task_id_431/02_raw_code.txt
Response saved to results/20250504_205228/task_id_431/03_cleaned_code.txt
Response saved to results/20250504_205228/task_id_431/04_code_test.txt
Response saved to results/20250504_205228/task_id_431/05_raw_proof.txt
Response saved to results/20250504_205228/task_id_431/06_cleaned_proof.txt
Response saved to results/20250504_205228/task_id_431/07_full_test.txt
Response saved to results/20250504_205228/task_id_431/08_proof_fix_attempt_1.txt
Response saved to results/20250504_205228/task_id_431/09_cleaned_proof_fix_1.txt
Response saved to results/20250504_205228/task_id_431/10_full_test_attempt_1.txt
Response saved to results/20250504_205228/task_id_431/11_proof_fix_attempt_2.txt
Response saved to results/20250504_205228/task_id_431/12_cleaned_proof_fix_2.txt
Response saved to results/20250504_205228/task_id_431/13_full_test_attempt_2.txt
Response saved to results/20250504_205228/task_id_431/14_proof_fix_attempt_3.txt
Response saved to results/20250504_205228/task_id_431/15_cleaned_proof_fix_3.txt
Response saved to results/20250504_205228/task_id_431/16_full_test_attempt_3.txt
Response saved to results/20250504_205228/task_id_431/17_final_solution.txt
Solution generated in 137.89 seconds
Generated code length: 35 characters
Generated proof length: 812 characters
Loading Lean template and inserting generated solution...
Executing Lean code with implementation only (proof=sorry)...
Implementation test result: PASS
Executing Lean code with implementation and proof...
Full solution test result: FAIL
Proof error: lean_playground/TempTest.lean:18:54: error: unsolved goals
a b : Array ℤ
⊢ (∃ i j, i < a.size ∧ j < b.size ∧ a[i]! = b[j]!) ↔ (a.any fun x => b.any fu...
✅ Implementation passes unit tests
❌ Proof has errors

==================================================
Processing task task_id_433...
Reading problem description and code template from tasks/task_id_433...
Problem description length: 646 characters
Reading unit tests...
Unit tests length: 367 characters
Running main workflow to generate solution...
Starting workflow run with timestamp: 20250504_205228
Processing task: task_id_433 (Task index: 7)
RAG setup failed: Failed to import transformers.trainer because of the following error (look up to see its traceback):
cannot import name 'IncEx' from 'pydantic.main' (/Library/Frameworks/Python.framework/Versions/3.11/lib/python3.11/site-packages/pydantic/main.py). Continuing without RAG.
Response saved to results/20250504_205228/task_id_433/01_planning.txt
RAG retrieval failed: cannot access local variable 'embedding_database_file' where it is not associated with a value
Response saved to results/20250504_205228/task_id_433/02_raw_code.txt
Response saved to results/20250504_205228/task_id_433/03_cleaned_code.txt
Response saved to results/20250504_205228/task_id_433/04_code_test.txt
Response saved to results/20250504_205228/task_id_433/05_raw_proof.txt
Response saved to results/20250504_205228/task_id_433/06_cleaned_proof.txt
Response saved to results/20250504_205228/task_id_433/07_full_test.txt
Response saved to results/20250504_205228/task_id_433/08_proof_fix_attempt_1.txt
Response saved to results/20250504_205228/task_id_433/09_cleaned_proof_fix_1.txt
Response saved to results/20250504_205228/task_id_433/10_full_test_attempt_1.txt
Response saved to results/20250504_205228/task_id_433/11_proof_fix_attempt_2.txt
Response saved to results/20250504_205228/task_id_433/12_cleaned_proof_fix_2.txt
Response saved to results/20250504_205228/task_id_433/13_full_test_attempt_2.txt
Response saved to results/20250504_205228/task_id_433/14_proof_fix_attempt_3.txt
Response saved to results/20250504_205228/task_id_433/15_cleaned_proof_fix_3.txt
Response saved to results/20250504_205228/task_id_433/16_full_test_attempt_3.txt
Response saved to results/20250504_205228/task_id_433/17_final_solution.txt
Solution generated in 132.57 seconds
Generated code length: 42 characters
Generated proof length: 612 characters
Loading Lean template and inserting generated solution...
Executing Lean code with implementation only (proof=sorry)...
Implementation test result: PASS
Executing Lean code with implementation and proof...
Full solution test result: FAIL
Proof error: lean_playground/TempTest.lean:18:40: error: unsolved goals
n : ℤ
a : Array ℤ
⊢ (∀ i < a.size, n > a[i]!) ↔ Array.foldl (fun acc x => acc && decide (n ...
✅ Implementation passes unit tests
❌ Proof has errors

==================================================
Processing task task_id_435...
Reading problem description and code template from tasks/task_id_435...
Problem description length: 596 characters
Reading unit tests...
Unit tests length: 231 characters
Running main workflow to generate solution...
Starting workflow run with timestamp: 20250504_205228
Processing task: task_id_435 (Task index: 8)
RAG setup failed: Failed to import transformers.trainer because of the following error (look up to see its traceback):
cannot import name 'IncEx' from 'pydantic.main' (/Library/Frameworks/Python.framework/Versions/3.11/lib/python3.11/site-packages/pydantic/main.py). Continuing without RAG.
Response saved to results/20250504_205228/task_id_435/01_planning.txt
RAG retrieval failed: cannot access local variable 'embedding_database_file' where it is not associated with a value
Response saved to results/20250504_205228/task_id_435/02_raw_code.txt
Response saved to results/20250504_205228/task_id_435/03_cleaned_code.txt
Response saved to results/20250504_205228/task_id_435/04_code_test.txt
Response saved to results/20250504_205228/task_id_435/05_raw_proof.txt
Response saved to results/20250504_205228/task_id_435/06_cleaned_proof.txt
Response saved to results/20250504_205228/task_id_435/07_full_test.txt
Response saved to results/20250504_205228/task_id_435/08_proof_fix_attempt_1.txt
Response saved to results/20250504_205228/task_id_435/09_cleaned_proof_fix_1.txt
Response saved to results/20250504_205228/task_id_435/10_full_test_attempt_1.txt
Response saved to results/20250504_205228/task_id_435/11_proof_fix_attempt_2.txt
Response saved to results/20250504_205228/task_id_435/12_cleaned_proof_fix_2.txt
Response saved to results/20250504_205228/task_id_435/13_full_test_attempt_2.txt
Response saved to results/20250504_205228/task_id_435/14_proof_fix_attempt_3.txt
Response saved to results/20250504_205228/task_id_435/15_cleaned_proof_fix_3.txt
Response saved to results/20250504_205228/task_id_435/16_full_test_attempt_3.txt
Response saved to results/20250504_205228/task_id_435/17_final_solution.txt
Solution generated in 90.26 seconds
Generated code length: 6 characters
Generated proof length: 233 characters
Loading Lean template and inserting generated solution...
Executing Lean code with implementation only (proof=sorry)...
Implementation test result: PASS
Executing Lean code with implementation and proof...
Full solution test result: FAIL
Proof error: lean_playground/TempTest.lean:19:36: error: unsolved goals
n : ℕ
⊢ (0 ≤ n % 10 ∧ n % 10 < 10) ∧ n % 10 = n % 10
lean_playground/TempTest.lean:22:10: e...
✅ Implementation passes unit tests
❌ Proof has errors

==================================================
Processing task task_id_441...
Reading problem description and code template from tasks/task_id_441...
Problem description length: 489 characters
Reading unit tests...
Unit tests length: 171 characters
Running main workflow to generate solution...
Starting workflow run with timestamp: 20250504_205228
Processing task: task_id_441 (Task index: 9)
RAG setup failed: Failed to import transformers.trainer because of the following error (look up to see its traceback):
cannot import name 'IncEx' from 'pydantic.main' (/Library/Frameworks/Python.framework/Versions/3.11/lib/python3.11/site-packages/pydantic/main.py). Continuing without RAG.
Response saved to results/20250504_205228/task_id_441/01_planning.txt
RAG retrieval failed: cannot access local variable 'embedding_database_file' where it is not associated with a value
Response saved to results/20250504_205228/task_id_441/02_raw_code.txt
Response saved to results/20250504_205228/task_id_441/03_cleaned_code.txt
Response saved to results/20250504_205228/task_id_441/04_code_test.txt
Response saved to results/20250504_205228/task_id_441/05_raw_proof.txt
Response saved to results/20250504_205228/task_id_441/06_cleaned_proof.txt
Response saved to results/20250504_205228/task_id_441/07_full_test.txt
Response saved to results/20250504_205228/task_id_441/08_proof_fix_attempt_1.txt
Response saved to results/20250504_205228/task_id_441/09_cleaned_proof_fix_1.txt
Response saved to results/20250504_205228/task_id_441/10_full_test_attempt_1.txt
Response saved to results/20250504_205228/task_id_441/11_proof_fix_attempt_2.txt
Response saved to results/20250504_205228/task_id_441/12_cleaned_proof_fix_2.txt
Response saved to results/20250504_205228/task_id_441/13_full_test_attempt_2.txt
Response saved to results/20250504_205228/task_id_441/14_proof_fix_attempt_3.txt
Response saved to results/20250504_205228/task_id_441/15_cleaned_proof_fix_3.txt
Response saved to results/20250504_205228/task_id_441/16_full_test_attempt_3.txt
Response saved to results/20250504_205228/task_id_441/17_final_solution.txt
Solution generated in 89.06 seconds
Generated code length: 15 characters
Generated proof length: 161 characters
Loading Lean template and inserting generated solution...
Executing Lean code with implementation only (proof=sorry)...
Implementation test result: PASS
Executing Lean code with implementation and proof...
Full solution test result: FAIL
Proof error: lean_playground/TempTest.lean:18:54: error: unsolved goals
size : ℤ
⊢ 6 * size * size = 6 * size * size
lean_playground/TempTest.lean:21:10: error: 'c...
✅ Implementation passes unit tests
❌ Proof has errors

==================================================
Processing task task_id_447...
Reading problem description and code template from tasks/task_id_447...
Problem description length: 691 characters
Reading unit tests...
Unit tests length: 234 characters
Running main workflow to generate solution...
Starting workflow run with timestamp: 20250504_205228
Processing task: task_id_447 (Task index: 10)
RAG setup failed: Failed to import transformers.trainer because of the following error (look up to see its traceback):
cannot import name 'IncEx' from 'pydantic.main' (/Library/Frameworks/Python.framework/Versions/3.11/lib/python3.11/site-packages/pydantic/main.py). Continuing without RAG.
Response saved to results/20250504_205228/task_id_447/01_planning.txt
RAG retrieval failed: cannot access local variable 'embedding_database_file' where it is not associated with a value
Response saved to results/20250504_205228/task_id_447/02_raw_code.txt
Response saved to results/20250504_205228/task_id_447/03_cleaned_code.txt
Response saved to results/20250504_205228/task_id_447/04_code_test.txt
Response saved to results/20250504_205228/task_id_447/05_raw_proof.txt
Response saved to results/20250504_205228/task_id_447/06_cleaned_proof.txt
Response saved to results/20250504_205228/task_id_447/07_full_test.txt
Response saved to results/20250504_205228/task_id_447/08_proof_fix_attempt_1.txt
Response saved to results/20250504_205228/task_id_447/09_cleaned_proof_fix_1.txt
Response saved to results/20250504_205228/task_id_447/10_full_test_attempt_1.txt
Response saved to results/20250504_205228/task_id_447/11_proof_fix_attempt_2.txt
Response saved to results/20250504_205228/task_id_447/12_cleaned_proof_fix_2.txt
Response saved to results/20250504_205228/task_id_447/13_full_test_attempt_2.txt
Response saved to results/20250504_205228/task_id_447/14_proof_fix_attempt_3.txt
Response saved to results/20250504_205228/task_id_447/15_cleaned_proof_fix_3.txt
Response saved to results/20250504_205228/task_id_447/16_full_test_attempt_3.txt
Response saved to results/20250504_205228/task_id_447/17_final_solution.txt
Solution generated in 101.71 seconds
Generated code length: 26 characters
Generated proof length: 342 characters
Loading Lean template and inserting generated solution...
Executing Lean code with implementation only (proof=sorry)...
Implementation test result: PASS
Executing Lean code with implementation and proof...
Full solution test result: FAIL
Proof error: lean_playground/TempTest.lean:19:42: error: unsolved goals
a : Array ℤ
⊢ (Array.map (fun x => x * x * x) a).size = a.size ∧
    ∀ i < a.size, (Array.m...
✅ Implementation passes unit tests
❌ Proof has errors
Testing Summary:
Task task_id_0:
  Passes Unit Tests: True
  Proof is Correct: False
  Runtime: 125.9598491191864 seconds
---
Task task_id_58:
  Passes Unit Tests: True
  Proof is Correct: False
  Runtime: 101.95694613456726 seconds
---
Task task_id_77:
  Passes Unit Tests: True
  Proof is Correct: False
  Runtime: 155.76291012763977 seconds
---
Task task_id_127:
  Passes Unit Tests: True
  Proof is Correct: False
  Runtime: 239.94310402870178 seconds
---
Task task_id_227:
  Passes Unit Tests: True
  Proof is Correct: False
  Runtime: 139.85229897499084 seconds
---
Task task_id_404:
  Passes Unit Tests: True
  Proof is Correct: False
  Runtime: 177.61217188835144 seconds
---
Task task_id_431:
  Passes Unit Tests: True
  Proof is Correct: False
  Runtime: 137.89419102668762 seconds
---
Task task_id_433:
  Passes Unit Tests: True
  Proof is Correct: False
  Runtime: 132.56547713279724 seconds
---
Task task_id_435:
  Passes Unit Tests: True
  Proof is Correct: False
  Runtime: 90.25517392158508 seconds
---
Task task_id_441:
  Passes Unit Tests: True
  Proof is Correct: False
  Runtime: 89.06083822250366 seconds
---
Task task_id_447:
  Passes Unit Tests: True
  Proof is Correct: False
  Runtime: 101.70575594902039 seconds
---
