Lean Error: lean_playground/TempTest.lean:25:2: error: simp made no progress
lean_playground/TempTest.lean:26:0: error: unexpected identifier; expected command