Lean Error: lean_playground/TempTest.lean:22:46: error: unsolved goals
case pos
a b c : ℤ
h₁ : a ≤ b
⊢ ((if a ≤ b then if a ≤ c then a else c else if b ≤ c then b else c) ≤ a ∧
      (if a ≤ b then if a ≤ c then a else c else if b ≤ c then b else c) ≤ b ∧
        (if a ≤ b then if a ≤ c then a else c else if b ≤ c then b else c) ≤ c) ∧
    ((if a ≤ b then if a ≤ c then a else c else if b ≤ c then b else c) = a ∨
      (if a ≤ b then if a ≤ c then a else c else if b ≤ c then b else c) = b ∨
        (if a ≤ b then if a ≤ c then a else c else if b ≤ c then b else c) = c)

case neg
a b c : ℤ
h₁ : ¬a ≤ b
⊢ ((if a ≤ b then if a ≤ c then a else c else if b ≤ c then b else c) ≤ a ∧
      (if a ≤ b then if a ≤ c then a else c else if b ≤ c then b else c) ≤ b ∧
        (if a ≤ b then if a ≤ c then a else c else if b ≤ c then b else c) ≤ c) ∧
    ((if a ≤ b then if a ≤ c then a else c else if b ≤ c then b else c) = a ∨
      (if a ≤ b then if a ≤ c then a else c else if b ≤ c then b else c) = b ∨
        (if a ≤ b then if a ≤ c then a else c else if b ≤ c then b else c) = c)
lean_playground/TempTest.lean:26:0: error: unexpected token '·'; expected command