Lean Error: lean_playground/TempTest.lean:22:46: error: unsolved goals
a b c : ℤ
⊢ ((if a ≤ b then if a ≤ c then a else c else if b ≤ c then b else c) ≤ a ∧
      (if a ≤ b then if a ≤ c then a else c else if b ≤ c then b else c) ≤ b ∧
        (if a ≤ b then if a ≤ c then a else c else if b ≤ c then b else c) ≤ c) ∧
    ((if a ≤ b then if a ≤ c then a else c else if b ≤ c then b else c) = a ∨
      (if a ≤ b then if a ≤ c then a else c else if b ≤ c then b else c) = b ∨
        (if a ≤ b then if a ≤ c then a else c else if b ≤ c then b else c) = c)
lean_playground/TempTest.lean:25:10: error: 'minOfThree_spec_satisfied' has already been declared
lean_playground/TempTest.lean:52:23: error: unexpected token ':='; expected command