Lean Error: lean_playground/TempTest.lean:7:2: error: function expected at
  a.toList.all fun x => decide (n > x)
term has type
  Bool
lean_playground/TempTest.lean:9:34: error: unexpected token 'to'; expected command
lean_playground/TempTest.lean:20:40: error: unsolved goals
case mp
n : ℤ
a : Array ℤ
⊢ (∀ i < a.size, n > a[i]!) → sorry = true

case mpr
n : ℤ
a : Array ℤ
⊢ sorry = true → ∀ i < a.size, n > a[i]!
lean_playground/TempTest.lean:24:0: error: unexpected token '·'; expected command