Lean Error: lean_playground/TempTest.lean:19:36: error: unsolved goals
n : ℕ
⊢ (0 ≤ n % 10 ∧ n % 10 < 10) ∧ n % 10 = n % 10
lean_playground/TempTest.lean:22:2: error: unexpected token '⟨'; expected command